# JRE version: OpenJDK Runtime Environment (11.0.10) (build 11.0.10+0-b96-7249189)
# Java VM: OpenJDK 64-Bit Server VM (11.0.10+0-b96-7249189, mixed mode, tiered, compressed oops, g1 gc, windows-amd64)
Heap:
 garbage-first heap   total 227328K, used 139175K [0x0000000080000000, 0x0000000100000000)
  region size 1024K, 40 young (40960K), 8 survivors (8192K)
 Metaspace       used 97683K, capacity 100239K, committed 100556K, reserved 1136640K
  class space    used 12718K, capacity 13673K, committed 13772K, reserved 1048576K
GC Heap History (20 events):
Event: 19.370 GC heap before
{Heap before GC invocations=16 (full 0):
 garbage-first heap   total 189440K, used 134396K [0x0000000080000000, 0x0000000100000000)
  region size 1024K, 85 young (87040K), 11 survivors (11264K)
 Metaspace       used 80984K, capacity 83063K, committed 83276K, reserved 1122304K
  class space    used 10536K, capacity 11310K, committed 11340K, reserved 1048576K
}
Event: 19.396 GC heap after
{Heap after GC invocations=17 (full 0):
 garbage-first heap   total 189440K, used 64025K [0x0000000080000000, 0x0000000100000000)
  region size 1024K, 9 young (9216K), 9 survivors (9216K)
 Metaspace       used 80984K, capacity 83063K, committed 83276K, reserved 1122304K
  class space    used 10536K, capacity 11310K, committed 11340K, reserved 1048576K
}
Event: 23.184 GC heap before
{Heap before GC invocations=17 (full 0):
 garbage-first heap   total 189440K, used 147993K [0x0000000080000000, 0x0000000100000000)
  region size 1024K, 83 young (84992K), 9 survivors (9216K)
 Metaspace       used 81936K, capacity 83961K, committed 84172K, reserved 1122304K
  class space    used 10596K, capacity 11347K, committed 11468K, reserved 1048576K
}
Event: 23.209 GC heap after
{Heap after GC invocations=18 (full 0):
 garbage-first heap   total 189440K, used 64902K [0x0000000080000000, 0x0000000100000000)
  region size 1024K, 6 young (6144K), 6 survivors (6144K)
 Metaspace       used 81936K, capacity 83961K, committed 84172K, reserved 1122304K
  class space    used 10596K, capacity 11347K, committed 11468K, reserved 1048576K
}
Event: 29.286 GC heap before
{Heap before GC invocations=18 (full 0):
 garbage-first heap   total 189440K, used 142726K [0x0000000080000000, 0x0000000100000000)
  region size 1024K, 83 young (84992K), 6 survivors (6144K)
 Metaspace       used 86427K, capacity 88559K, committed 88780K, reserved 1126400K
  class space    used 11122K, capacity 11883K, committed 11980K, reserved 1048576K
}
Event: 29.309 GC heap after
{Heap after GC invocations=19 (full 0):
 garbage-first heap   total 189440K, used 67532K [0x0000000080000000, 0x0000000100000000)
  region size 1024K, 8 young (8192K), 8 survivors (8192K)
 Metaspace       used 86427K, capacity 88559K, committed 88780K, reserved 1126400K
  class space    used 11122K, capacity 11883K, committed 11980K, reserved 1048576K
}
Event: 30.760 GC heap before
{Heap before GC invocations=19 (full 0):
 garbage-first heap   total 189440K, used 146380K [0x0000000080000000, 0x0000000100000000)
  region size 1024K, 85 young (87040K), 8 survivors (8192K)
 Metaspace       used 86537K, capacity 88660K, committed 88780K, reserved 1126400K
  class space    used 11133K, capacity 11892K, committed 11980K, reserved 1048576K
}
Event: 30.776 GC heap after
{Heap after GC invocations=20 (full 0):
 garbage-first heap   total 189440K, used 67927K [0x0000000080000000, 0x0000000100000000)
  region size 1024K, 5 young (5120K), 5 survivors (5120K)
 Metaspace       used 86537K, capacity 88660K, committed 88780K, reserved 1126400K
  class space    used 11133K, capacity 11892K, committed 11980K, reserved 1048576K
}
Event: 34.686 GC heap before
{Heap before GC invocations=20 (full 0):
 garbage-first heap   total 189440K, used 147799K [0x0000000080000000, 0x0000000100000000)
  region size 1024K, 84 young (86016K), 5 survivors (5120K)
 Metaspace       used 87783K, capacity 89958K, committed 90188K, reserved 1128448K
  class space    used 11279K, capacity 12069K, committed 12108K, reserved 1048576K
}
Event: 34.716 GC heap after
{Heap after GC invocations=21 (full 0):
 garbage-first heap   total 189440K, used 74655K [0x0000000080000000, 0x0000000100000000)
  region size 1024K, 11 young (11264K), 11 survivors (11264K)
 Metaspace       used 87783K, capacity 89958K, committed 90188K, reserved 1128448K
  class space    used 11279K, capacity 12069K, committed 12108K, reserved 1048576K
}
Event: 37.169 GC heap before
{Heap before GC invocations=21 (full 0):
 garbage-first heap   total 189440K, used 152479K [0x0000000080000000, 0x0000000100000000)
  region size 1024K, 86 young (88064K), 11 survivors (11264K)
 Metaspace       used 88358K, capacity 90602K, committed 90828K, reserved 1128448K
  class space    used 11349K, capacity 12198K, committed 12236K, reserved 1048576K
}
Event: 37.182 GC heap after
{Heap after GC invocations=22 (full 0):
 garbage-first heap   total 189440K, used 70030K [0x0000000080000000, 0x0000000100000000)
  region size 1024K, 2 young (2048K), 2 survivors (2048K)
 Metaspace       used 88358K, capacity 90602K, committed 90828K, reserved 1128448K
  class space    used 11349K, capacity 12198K, committed 12236K, reserved 1048576K
}
Event: 38.187 GC heap before
{Heap before GC invocations=22 (full 0):
 garbage-first heap   total 189440K, used 150926K [0x0000000080000000, 0x0000000100000000)
  region size 1024K, 82 young (83968K), 2 survivors (2048K)
 Metaspace       used 89634K, capacity 91900K, committed 91980K, reserved 1128448K
  class space    used 11519K, capacity 12351K, committed 12364K, reserved 1048576K
}
Event: 38.195 GC heap after
{Heap after GC invocations=23 (full 0):
 garbage-first heap   total 189440K, used 80896K [0x0000000080000000, 0x0000000100000000)
  region size 1024K, 11 young (11264K), 11 survivors (11264K)
 Metaspace       used 89634K, capacity 91900K, committed 91980K, reserved 1128448K
  class space    used 11519K, capacity 12351K, committed 12364K, reserved 1048576K
}
Event: 39.359 GC heap before
{Heap before GC invocations=23 (full 0):
 garbage-first heap   total 189440K, used 150528K [0x0000000080000000, 0x0000000100000000)
  region size 1024K, 79 young (80896K), 11 survivors (11264K)
 Metaspace       used 93282K, capacity 95716K, committed 95948K, reserved 1132544K
  class space    used 12025K, capacity 12926K, committed 13004K, reserved 1048576K
}
Event: 39.389 GC heap after
{Heap after GC invocations=24 (full 0):
 garbage-first heap   total 189440K, used 88064K [0x0000000080000000, 0x0000000100000000)
  region size 1024K, 10 young (10240K), 10 survivors (10240K)
 Metaspace       used 93282K, capacity 95716K, committed 95948K, reserved 1132544K
  class space    used 12025K, capacity 12926K, committed 13004K, reserved 1048576K
}
Event: 39.957 GC heap before
{Heap before GC invocations=24 (full 0):
 garbage-first heap   total 189440K, used 148480K [0x0000000080000000, 0x0000000100000000)
  region size 1024K, 69 young (70656K), 10 survivors (10240K)
 Metaspace       used 94783K, capacity 97290K, committed 97484K, reserved 1134592K
  class space    used 12240K, capacity 13186K, committed 13260K, reserved 1048576K
}
Event: 40.010 GC heap after
{Heap after GC invocations=25 (full 0):
 garbage-first heap   total 189440K, used 98304K [0x0000000080000000, 0x0000000100000000)
  region size 1024K, 9 young (9216K), 9 survivors (9216K)
 Metaspace       used 94783K, capacity 97290K, committed 97484K, reserved 1134592K
  class space    used 12240K, capacity 13186K, committed 13260K, reserved 1048576K
}
Event: 40.310 GC heap before
{Heap before GC invocations=25 (full 0):
 garbage-first heap   total 189440K, used 147456K [0x0000000080000000, 0x0000000100000000)
  region size 1024K, 58 young (59392K), 9 survivors (9216K)
 Metaspace       used 96230K, capacity 98804K, committed 99020K, reserved 1134592K
  class space    used 12526K, capacity 13486K, committed 13516K, reserved 1048576K
}
Event: 40.364 GC heap after
{Heap after GC invocations=26 (full 0):
 garbage-first heap   total 227328K, used 107431K [0x0000000080000000, 0x0000000100000000)
  region size 1024K, 8 young (8192K), 8 survivors (8192K)
 Metaspace       used 96230K, capacity 98804K, committed 99020K, reserved 1134592K
  class space    used 12526K, capacity 13486K, committed 13516K, reserved 1048576K
}

